<?xml version="1.0" encoding="UTF-8"?>
<!-- Generated by org.testng.reporters.JUnitReportReporter -->
<testsuite hostname="DESKTOP-NM05SVP" name="testcases.AddDelStockTest" tests="2" failures="0" timestamp="30 Mar 2018 09:21:43 GMT" time="52.627" errors="0">
  <testcase name="deleteStockTest" time="9.605" classname="testcases.AddDelStockTest"/>
  <testcase name="addStockTest" time="43.022" classname="testcases.AddDelStockTest"/>
</testsuite> <!-- testcases.AddDelStockTest -->
